2020-01-15 13:06:21,197 INFO  [Classe de pesquisa] inicia o driver,abre o site e maximiza a tela 
2020-01-15 13:06:34,109 INFO  [Classe de pesquisa] clica no search 
2020-01-15 13:06:34,472 INFO  [Classe de pesquisa] pesquisa o conteudo do excel 
2020-01-15 13:06:34,517 INFO  [Classe de pesquisa] clica pra pesquisar o conteudo digitado 
2020-01-15 13:06:34,520 INFO  [Classe de pesquisa] da um tempo 
2020-01-15 13:06:35,768 INFO  [Classe de pesquisa]  
2020-01-15 13:06:35,952 INFO  [Classe de pesquisa]  
2020-01-15 13:06:36,182 INFO  [Classe de pesquisa] escolher um produto especifico 
2020-01-15 13:06:36,848 INFO  [Classe de pesquisa] sai do teste 
2020-01-15 13:30:55,486 INFO  [Classe de pesquisa] inicia o driver,abre o site e maximiza a tela 
2020-01-15 13:31:09,139 INFO  [Classe de pesquisa] clica no search 
2020-01-15 13:31:09,866 INFO  [Classe de pesquisa] pesquisa o conteudo do excel 
2020-01-15 13:31:09,953 INFO  [Classe de pesquisa] clica pra pesquisar o conteudo digitado 
2020-01-15 13:31:09,966 INFO  [Classe de pesquisa] da um tempo 
2020-01-15 13:31:11,461 INFO  [Classe de pesquisa] escolher um produto especifico 
2020-01-15 13:31:12,153 INFO  [Classe de pesquisa] sai do teste 
2020-01-15 13:32:06,811 INFO  [Classe de pesquisa] inicia o driver,abre o site e maximiza a tela 
2020-01-15 13:32:19,747 INFO  [Classe de pesquisa] clica no search 
2020-01-15 13:32:20,917 INFO  [Classe de pesquisa] pesquisa o conteudo do excel 
2020-01-15 13:32:21,056 INFO  [Classe de pesquisa] clica pra pesquisar o conteudo digitado 
2020-01-15 13:32:21,070 INFO  [Classe de pesquisa] da um tempo 
2020-01-15 13:38:03,246 INFO  [Classe de pesquisa] inicia o driver,abre o site e maximiza a tela 
2020-01-15 13:38:16,114 INFO  [Classe de pesquisa] clica no search 
2020-01-15 13:38:16,537 INFO  [Classe de pesquisa] pesquisa o conteudo do excel 
2020-01-15 13:38:16,631 INFO  [Classe de pesquisa] clica pra pesquisar o conteudo digitado 
2020-01-15 13:38:16,637 INFO  [Classe de pesquisa] da um tempo 
2020-01-15 13:38:18,162 INFO  [Classe de pesquisa] escolher um produto especifico 
2020-01-15 13:38:19,232 INFO  [Classe de pesquisa] sai do teste 
2020-01-15 13:41:36,313 INFO  [Classe de pesquisa] inicia o driver,abre o site e maximiza a tela 
2020-01-15 13:41:48,920 INFO  [Classe de pesquisa] clica no search 
2020-01-15 13:41:49,427 INFO  [Classe de pesquisa] pesquisa o conteudo do excel 
2020-01-15 13:41:49,553 INFO  [Classe de pesquisa] clica pra pesquisar o conteudo digitado 
2020-01-15 13:41:49,559 INFO  [Classe de pesquisa] da um tempo 
2020-01-15 13:41:51,270 INFO  [Classe de pesquisa] escolher um produto especifico 
2020-01-15 13:41:52,002 INFO  [Classe de pesquisa] sai do teste 
2020-01-15 13:42:40,986 INFO  [Classe de pesquisa] inicia o driver,abre o site e maximiza a tela 
2020-01-15 13:42:53,780 INFO  [Classe de pesquisa] clica no search 
2020-01-15 13:42:54,697 INFO  [Classe de pesquisa] pesquisa o conteudo do excel 
2020-01-15 13:42:54,860 INFO  [Classe de pesquisa] clica pra pesquisar o conteudo digitado 
2020-01-15 13:42:54,867 INFO  [Classe de pesquisa] da um tempo 
2020-01-15 13:42:55,813 INFO  [Classe de pesquisa] escolher um produto especifico 
2020-01-15 13:42:56,482 INFO  [Classe de pesquisa] sai do teste 
2020-01-15 15:07:43,917 INFO  [Classe de pesquisa] inicia o driver,abre o site e maximiza a tela 
2020-01-15 15:08:02,852 INFO  [Classe de pesquisa] clica no search 
2020-01-15 15:08:04,068 INFO  [Classe de pesquisa] pesquisa o conteudo do excel 
2020-01-15 15:08:04,157 INFO  [Classe de pesquisa] clica pra pesquisar o conteudo digitado 
2020-01-15 15:08:04,165 INFO  [Classe de pesquisa] da um tempo 
2020-01-15 15:08:07,741 INFO  [Classe de pesquisa] escolher um produto especifico 
2020-01-15 15:08:08,433 INFO  [Classe de pesquisa] sai do teste 
2020-01-15 15:09:17,440 INFO  [Classe de pesquisa] inicia o driver,abre o site e maximiza a tela 
2020-01-15 15:09:30,354 INFO  [Classe de pesquisa] clica no search 
2020-01-15 15:09:30,788 INFO  [Classe de pesquisa] pesquisa o conteudo do excel 
2020-01-15 15:09:30,835 INFO  [Classe de pesquisa] clica pra pesquisar o conteudo digitado 
2020-01-15 15:09:30,841 INFO  [Classe de pesquisa] da um tempo 
2020-01-15 15:09:32,812 INFO  [Classe de pesquisa] escolher um produto especifico 
2020-01-15 15:09:33,525 INFO  [Classe de pesquisa] sai do teste 
2020-01-16 13:09:44,760 INFO  [Classe de pesquisa] inicia o driver,abre o site e maximiza a tela 
2020-01-16 13:09:58,118 INFO  [Classe de pesquisa] clica no search 
2020-01-16 13:09:59,593 INFO  [Classe de pesquisa] pesquisa o conteudo do excel 
2020-01-16 13:09:59,755 INFO  [Classe de pesquisa] clica pra pesquisar o conteudo digitado 
2020-01-16 13:09:59,767 INFO  [Classe de pesquisa] da um tempo 
2020-01-16 13:10:01,572 INFO  [Classe de pesquisa] escolher um produto especifico 
2020-01-16 13:10:02,269 INFO  [Classe de pesquisa] sai do teste 
2020-01-16 13:10:12,078 INFO  [Classe de pesquisa] inicia o driver,abre o site e maximiza a tela 
2020-01-16 13:10:25,393 INFO  [Classe de pesquisa] clica no search 
2020-01-16 13:10:25,859 INFO  [Classe de pesquisa] pesquisa o conteudo do excel 
2020-01-16 13:10:25,912 INFO  [Classe de pesquisa] clica pra pesquisar o conteudo digitado 
2020-01-16 13:10:25,918 INFO  [Classe de pesquisa] da um tempo 
2020-01-16 13:10:27,943 INFO  [Classe de pesquisa] escolher um produto especifico 
2020-01-16 13:10:28,781 INFO  [Classe de pesquisa] sai do teste 
2020-01-17 12:29:35,598 INFO  [Classe de pesquisa] inicia o driver,abre o site e maximiza a tela 
2020-01-17 12:29:47,589 INFO  [Classe de pesquisa] clica no search 
2020-01-17 12:29:47,833 INFO  [Classe de pesquisa] pesquisa o conteudo do excel 
2020-01-17 12:30:25,753 INFO  [Classe de pesquisa] inicia o driver,abre o site e maximiza a tela 
2020-01-17 12:30:37,388 INFO  [Classe de pesquisa] clica no search 
2020-01-17 12:30:37,437 INFO  [Classe de pesquisa] pesquisa o conteudo do excel 
2020-01-17 12:48:56,622 INFO  [Classe de pesquisa] inicia o driver,abre o site e maximiza a tela 
2020-01-17 12:49:08,240 INFO  [Classe de pesquisa] clica no search 
2020-01-17 12:49:08,285 INFO  [Classe de pesquisa] pesquisa o conteudo do excel 
2020-01-17 12:51:25,385 INFO  [Classe de pesquisa] inicia o driver,abre o site e maximiza a tela 
2020-01-17 12:51:37,011 INFO  [Classe de pesquisa] clica no search 
2020-01-17 12:51:37,065 INFO  [Classe de pesquisa] pesquisa o conteudo do excel 
2020-01-17 12:52:27,232 INFO  [Classe de pesquisa] inicia o driver,abre o site e maximiza a tela 
2020-01-17 12:52:38,627 INFO  [Classe de pesquisa] clica no search 
2020-01-17 12:52:38,680 INFO  [Classe de pesquisa] pesquisa o conteudo do excel 
2020-01-17 12:54:24,039 INFO  [Classe de pesquisa] inicia o driver,abre o site e maximiza a tela 
2020-01-17 12:54:35,562 INFO  [Classe de pesquisa] clica no search 
2020-01-17 12:54:35,639 INFO  [Classe de pesquisa] pesquisa o conteudo do excel 
2020-01-17 12:54:59,177 INFO  [Classe de pesquisa] inicia o driver,abre o site e maximiza a tela 
2020-01-17 12:55:10,848 INFO  [Classe de pesquisa] clica no search 
2020-01-17 12:55:10,922 INFO  [Classe de pesquisa] pesquisa o conteudo do excel 
2020-01-17 13:21:02,061 INFO  [Classe de pesquisa] inicia o driver,abre o site e maximiza a tela 
2020-01-17 13:21:15,021 INFO  [Classe de pesquisa] clica no search 
2020-01-17 13:21:15,101 INFO  [Classe de pesquisa] pesquisa o conteudo do excel 
2020-01-17 13:25:11,965 INFO  [Classe de pesquisa] inicia o driver,abre o site e maximiza a tela 
2020-01-17 13:25:24,374 INFO  [Classe de pesquisa] clica no search 
2020-01-17 13:25:24,447 INFO  [Classe de pesquisa] pesquisa o conteudo do excel 
2020-01-17 13:29:11,095 INFO  [Classe de pesquisa] inicia o driver,abre o site e maximiza a tela 
2020-01-17 13:29:22,610 INFO  [Classe de pesquisa] clica no search 
2020-01-17 13:29:22,688 INFO  [Classe de pesquisa] pesquisa o conteudo do excel 
2020-01-17 13:29:23,913 INFO  [Classe de pesquisa] Tira o print 
2020-01-17 13:29:24,411 INFO  [Classe de pesquisa] Tira o print 
2020-01-17 13:46:59,797 INFO  [Classe de pesquisa] inicia o driver,abre o site e maximiza a tela 
2020-01-17 13:47:11,481 INFO  [Classe de pesquisa] clica no search 
2020-01-17 13:47:11,558 INFO  [Classe de pesquisa] pesquisa o conteudo do excel 
2020-01-17 13:47:12,745 INFO  [Classe de pesquisa] Tira o print 
2020-01-17 13:47:12,816 INFO  [Classe de pesquisa] clica no search 
2020-01-17 13:47:12,887 INFO  [Classe de pesquisa] pesquisa o conteudo do excel 
2020-01-17 13:47:13,337 INFO  [Classe de pesquisa] Tira o print 
2020-01-17 13:48:27,376 INFO  [Classe de pesquisa] inicia o driver,abre o site e maximiza a tela 
2020-01-17 13:48:38,861 INFO  [Classe de pesquisa] clica no search 
2020-01-17 13:48:38,947 INFO  [Classe de pesquisa] pesquisa o conteudo do excel 
2020-01-17 13:48:40,013 INFO  [Classe de pesquisa] Tira o print 
2020-01-17 13:48:40,068 INFO  [Classe de pesquisa] clica no search 
2020-01-17 13:48:40,119 INFO  [Classe de pesquisa] pesquisa o conteudo do excel 
2020-01-17 13:49:04,443 INFO  [Classe de pesquisa] inicia o driver,abre o site e maximiza a tela 
2020-01-17 13:49:16,114 INFO  [Classe de pesquisa] clica no search 
2020-01-17 13:49:16,186 INFO  [Classe de pesquisa] pesquisa o conteudo do excel 
2020-01-17 13:49:17,357 INFO  [Classe de pesquisa] Tira o print 
2020-01-17 13:49:17,422 INFO  [Classe de pesquisa] clica no search 
2020-01-17 13:49:17,487 INFO  [Classe de pesquisa] pesquisa o conteudo do excel 
2020-01-17 13:50:28,120 INFO  [Classe de pesquisa] inicia o driver,abre o site e maximiza a tela 
2020-01-17 13:50:39,615 INFO  [Classe de pesquisa] clica no search 
2020-01-17 13:50:39,698 INFO  [Classe de pesquisa] pesquisa o conteudo do excel 
2020-01-17 13:50:40,794 INFO  [Classe de pesquisa] Tira o print 
2020-01-17 13:50:40,834 INFO  [Classe de pesquisa] clica no search 
2020-01-17 13:50:40,886 INFO  [Classe de pesquisa] pesquisa o conteudo do excel 
2020-01-17 13:54:17,909 INFO  [Classe de pesquisa] inicia o driver,abre o site e maximiza a tela 
2020-01-17 13:54:47,102 INFO  [Classe de pesquisa] inicia o driver,abre o site e maximiza a tela 
2020-01-17 13:55:31,816 INFO  [Classe de pesquisa] inicia o driver,abre o site e maximiza a tela 
2020-01-17 13:57:37,730 INFO  [Classe de pesquisa] inicia o driver,abre o site e maximiza a tela 
2020-01-17 13:58:23,409 INFO  [Classe de pesquisa] inicia o driver,abre o site e maximiza a tela 
2020-01-17 14:07:32,057 INFO  [Classe de pesquisa] inicia o driver,abre o site e maximiza a tela 
2020-01-17 14:11:00,462 INFO  [Classe de pesquisa] inicia o driver,abre o site e maximiza a tela 
2020-01-17 14:17:35,598 INFO  [Classe de pesquisa] inicia o driver,abre o site e maximiza a tela 
2020-01-17 14:18:25,064 INFO  [Classe de pesquisa] inicia o driver,abre o site e maximiza a tela 
2020-01-17 14:19:27,222 INFO  [Classe de pesquisa] inicia o driver,abre o site e maximiza a tela 
2020-01-17 14:22:06,036 INFO  [Classe de pesquisa] inicia o driver,abre o site e maximiza a tela 
2020-01-17 14:23:26,898 INFO  [Classe de pesquisa] inicia o driver,abre o site e maximiza a tela 
2020-01-17 14:29:04,806 INFO  [Classe de pesquisa] inicia o driver,abre o site e maximiza a tela 
2020-01-17 14:29:35,496 INFO  [Classe de pesquisa] inicia o driver,abre o site e maximiza a tela 
2020-01-17 14:42:04,418 INFO  [Classe de pesquisa] inicia o driver,abre o site e maximiza a tela 
2020-01-17 14:47:21,651 INFO  [Classe de pesquisa] inicia o driver,abre o site e maximiza a tela 
2020-01-17 14:48:37,437 INFO  [Classe de pesquisa] inicia o driver,abre o site e maximiza a tela 
2020-01-17 14:50:20,812 INFO  [Classe de pesquisa] inicia o driver,abre o site e maximiza a tela 
2020-01-17 15:00:19,957 INFO  [Classe de pesquisa] inicia o driver,abre o site e maximiza a tela 
2020-01-17 15:01:24,890 INFO  [Classe de pesquisa] inicia o driver,abre o site e maximiza a tela 
2020-01-17 15:03:27,072 INFO  [Classe de pesquisa] inicia o driver,abre o site e maximiza a tela 
2020-01-17 15:05:06,624 INFO  [Classe de pesquisa] inicia o driver,abre o site e maximiza a tela 
2020-01-17 15:07:05,439 INFO  [Classe de pesquisa] inicia o driver,abre o site e maximiza a tela 
2020-01-17 15:10:08,253 INFO  [Classe de pesquisa] inicia o driver,abre o site e maximiza a tela 
2020-01-17 15:10:44,009 INFO  [Classe de pesquisa] inicia o driver,abre o site e maximiza a tela 
2020-01-17 15:11:24,947 INFO  [Classe de pesquisa] inicia o driver,abre o site e maximiza a tela 
2020-01-17 15:12:39,238 INFO  [Classe de pesquisa] inicia o driver,abre o site e maximiza a tela 
2020-01-17 15:14:01,920 INFO  [Classe de pesquisa] inicia o driver,abre o site e maximiza a tela 
2020-01-17 15:14:15,064 INFO  [Classe de pesquisa] pesquisa o conteudo do excel 
2020-01-17 15:14:17,176 INFO  [Classe de pesquisa] Tira o print 
2020-01-17 15:14:29,080 INFO  [Classe de pesquisa] inicia o driver,abre o site e maximiza a tela 
2020-01-17 15:14:42,077 INFO  [Classe de pesquisa] pesquisa o conteudo do excel 
2020-01-17 15:14:43,812 INFO  [Classe de pesquisa] Tira o print 
2020-01-17 15:15:51,080 INFO  [Classe de pesquisa] inicia o driver,abre o site e maximiza a tela 
2020-01-17 15:16:04,074 INFO  [Classe de pesquisa] pesquisa o conteudo do excel 
2020-01-17 15:16:06,044 INFO  [Classe de pesquisa] Tira o print 
2020-01-17 15:20:25,311 INFO  [Classe de pesquisa] inicia o driver,abre o site e maximiza a tela 
2020-01-17 15:20:39,034 INFO  [Classe de pesquisa] pesquisa o conteudo do excel 
2020-01-17 15:20:41,322 INFO  [Classe de pesquisa] Tira o print 
2020-01-17 15:20:41,451 INFO  [Classe de pesquisa] clica no search 
2020-01-17 15:20:41,554 INFO  [Classe de pesquisa] pesquisa o conteudo do excel 
2020-01-17 15:20:41,649 INFO  [Classe de pesquisa] clica pra pesquisar o conteudo digitado 
2020-01-17 15:21:35,782 INFO  [Classe de pesquisa] inicia o driver,abre o site e maximiza a tela 
2020-01-17 15:21:49,306 INFO  [Classe de pesquisa] pesquisa o conteudo do excel 
2020-01-17 15:21:51,067 INFO  [Classe de pesquisa] Tira o print 
2020-01-17 15:21:51,217 INFO  [Classe de pesquisa] clica no search 
2020-01-17 15:21:51,326 INFO  [Classe de pesquisa] clica pra pesquisar o conteudo digitado 
2020-01-17 15:23:17,291 INFO  [Classe de pesquisa] inicia o driver,abre o site e maximiza a tela 
2020-01-17 15:23:34,291 INFO  [Classe de pesquisa] pesquisa o conteudo do excel 
2020-01-17 15:23:38,056 INFO  [Classe de pesquisa] Tira o print 
2020-01-17 15:23:38,205 INFO  [Classe de pesquisa] clica no search 
2020-01-17 15:23:38,315 INFO  [Classe de pesquisa] clica pra pesquisar o conteudo digitado 
2020-01-17 15:26:05,530 INFO  [Classe de pesquisa] inicia o driver,abre o site e maximiza a tela 
2020-01-17 15:26:18,974 INFO  [Classe de pesquisa] clica no search 
2020-01-17 15:26:19,167 INFO  [Classe de pesquisa] clica pra pesquisar o conteudo digitado 
2020-01-17 15:26:43,465 INFO  [Classe de pesquisa] inicia o driver,abre o site e maximiza a tela 
2020-01-17 15:26:56,944 INFO  [Classe de pesquisa] pesquisa o conteudo do excel 
2020-01-17 15:26:58,793 INFO  [Classe de pesquisa] Tira o print 
2020-01-17 15:33:56,180 INFO  [Classe de pesquisa] inicia o driver,abre o site e maximiza a tela 
2020-01-17 15:34:10,216 INFO  [Classe de pesquisa] clica no search 
2020-01-17 15:34:10,344 INFO  [Classe de pesquisa] clica pra pesquisar o conteudo digitado 
2020-01-17 15:35:12,981 INFO  [Classe de pesquisa] inicia o driver,abre o site e maximiza a tela 
2020-01-17 15:35:25,817 INFO  [Classe de pesquisa] clica no search 
2020-01-17 15:35:25,983 INFO  [Classe de pesquisa] clica pra pesquisar o conteudo digitado 
2020-01-17 15:36:56,408 INFO  [Classe de pesquisa] inicia o driver,abre o site e maximiza a tela 
2020-01-17 15:37:09,005 INFO  [Classe de pesquisa] clica no search 
2020-01-17 15:37:09,157 INFO  [Classe de pesquisa] clica pra pesquisar o conteudo digitado 
2020-01-17 15:37:10,091 INFO  [Classe de pesquisa] escolher um produto especifico 
2020-01-17 15:37:11,216 INFO  [Classe de pesquisa] Tira o print 
2020-01-17 15:38:58,676 INFO  [Classe de pesquisa] inicia o driver,abre o site e maximiza a tela 
2020-01-17 15:39:11,433 INFO  [Classe de pesquisa] clica no search 
2020-01-17 15:39:11,526 INFO  [Classe de pesquisa] clica pra pesquisar o conteudo digitado 
2020-01-17 15:41:01,521 INFO  [Classe de pesquisa] inicia o driver,abre o site e maximiza a tela 
2020-01-17 15:41:14,794 INFO  [Classe de pesquisa] pesquisa o conteudo do excel 
2020-01-17 15:42:41,298 INFO  [Classe de pesquisa] inicia o driver,abre o site e maximiza a tela 
2020-01-17 15:42:54,923 INFO  [Classe de pesquisa] pesquisa o conteudo do excel 
2020-01-17 15:43:08,655 INFO  [Classe de pesquisa] inicia o driver,abre o site e maximiza a tela 
2020-01-17 15:43:21,621 INFO  [Classe de pesquisa] pesquisa o conteudo do excel 
2020-01-17 15:46:14,459 INFO  [Classe de pesquisa] inicia o driver,abre o site e maximiza a tela 
2020-01-17 15:46:28,690 INFO  [Classe de pesquisa] pesquisa o conteudo do excel 
2020-01-17 15:46:55,412 INFO  [Classe de pesquisa] inicia o driver,abre o site e maximiza a tela 
2020-01-17 15:47:10,045 INFO  [Classe de pesquisa] pesquisa o conteudo do excel 
2020-01-17 15:49:34,955 INFO  [Classe de pesquisa] inicia o driver,abre o site e maximiza a tela 
2020-01-17 15:49:48,962 INFO  [Classe de pesquisa] pesquisa o conteudo do excel 
2020-01-17 15:50:23,929 INFO  [Classe de pesquisa] inicia o driver,abre o site e maximiza a tela 
2020-01-17 15:50:38,231 INFO  [Classe de pesquisa] pesquisa o conteudo do excel 
2020-01-17 15:51:03,144 INFO  [Classe de pesquisa] inicia o driver,abre o site e maximiza a tela 
2020-01-17 15:51:16,458 INFO  [Classe de pesquisa] pesquisa o conteudo do excel 
2020-01-17 15:54:43,414 INFO  [Classe de pesquisa] inicia o driver,abre o site e maximiza a tela 
2020-01-17 15:54:56,916 INFO  [Classe de pesquisa] pesquisa o conteudo do excel 
2020-01-17 15:56:52,267 INFO  [Classe de pesquisa] inicia o driver,abre o site e maximiza a tela 
2020-01-17 15:57:05,543 INFO  [Classe de pesquisa] pesquisa o conteudo do excel 
2020-01-17 15:58:23,314 INFO  [Classe de pesquisa] inicia o driver,abre o site e maximiza a tela 
2020-01-17 15:58:36,697 INFO  [Classe de pesquisa] pesquisa o conteudo do excel 
2020-01-17 15:58:38,076 INFO  [Classe de pesquisa] Tira o print 
2020-01-17 16:02:44,536 INFO  [Classe de pesquisa] inicia o driver,abre o site e maximiza a tela 
2020-01-17 16:02:57,697 INFO  [Classe de pesquisa] pesquisa o conteudo do excel 
2020-01-17 16:02:59,041 INFO  [Classe de pesquisa] Tira o print 
2020-01-17 16:03:16,843 INFO  [Classe de pesquisa] inicia o driver,abre o site e maximiza a tela 
2020-01-17 16:03:30,267 INFO  [Classe de pesquisa] inicia o driver,abre o site e maximiza a tela 
2020-01-17 16:03:43,358 INFO  [Classe de pesquisa] pesquisa o conteudo do excel 
2020-01-17 16:03:45,439 INFO  [Classe de pesquisa] Tira o print 
2020-01-17 16:03:45,785 INFO  [Classe de pesquisa] pesquisa o conteudo do excel 
2020-01-17 16:03:46,348 INFO  [Classe de pesquisa] Tira o print 
2020-01-17 16:14:53,434 INFO  [Classe de pesquisa] inicia o driver,abre o site e maximiza a tela 
2020-01-17 16:15:07,245 INFO  [Classe de pesquisa] pesquisa o conteudo do excel 
2020-01-17 16:15:09,079 INFO  [Classe de pesquisa] Tira o print 
2020-01-17 16:15:10,021 INFO  [Classe de pesquisa] pesquisa o conteudo do excel 
2020-01-17 16:15:10,875 INFO  [Classe de pesquisa] Tira o print 
2020-01-17 16:18:53,934 INFO  [Classe de pesquisa] inicia o driver,abre o site e maximiza a tela 
2020-01-17 16:19:07,040 INFO  [Classe de pesquisa] pesquisa o conteudo do excel 
2020-01-17 16:19:08,834 INFO  [Classe de pesquisa] Tira o print 
2020-01-17 16:19:09,321 INFO  [Classe de pesquisa] pesquisa o conteudo do excel 
2020-01-17 16:19:09,976 INFO  [Classe de pesquisa] Tira o print 
2020-01-17 16:19:22,990 INFO  [Classe de pesquisa] inicia o driver,abre o site e maximiza a tela 
2020-01-17 16:19:35,952 INFO  [Classe de pesquisa] pesquisa o conteudo do excel 
2020-01-17 16:19:37,602 INFO  [Classe de pesquisa] Tira o print 
2020-01-17 16:19:37,997 INFO  [Classe de pesquisa] pesquisa o conteudo do excel 
2020-01-17 16:19:38,596 INFO  [Classe de pesquisa] Tira o print 
2020-01-17 16:20:04,140 INFO  [Classe de pesquisa] inicia o driver,abre o site e maximiza a tela 
2020-01-17 16:20:17,017 INFO  [Classe de pesquisa] pesquisa o conteudo do excel 
2020-01-17 16:20:18,821 INFO  [Classe de pesquisa] Tira o print 
2020-01-17 16:20:19,193 INFO  [Classe de pesquisa] pesquisa o conteudo do excel 
2020-01-17 16:20:19,768 INFO  [Classe de pesquisa] Tira o print 
2020-01-20 10:15:24,542 INFO  [Classe de pesquisa] inicia o driver,abre o site e maximiza a tela 
2020-01-20 10:15:37,594 INFO  [Classe de pesquisa] pesquisa o conteudo do excel 
2020-01-20 10:15:39,239 INFO  [Classe de pesquisa] Tira o print 
2020-01-20 10:15:39,641 INFO  [Classe de pesquisa] pesquisa o conteudo do excel 
2020-01-20 10:15:40,175 INFO  [Classe de pesquisa] Tira o print 
2020-01-22 10:19:54,985 INFO  [Classe de pesquisa] inicia o driver,abre o site e maximiza a tela 
2020-01-22 10:20:08,141 INFO  [Classe de pesquisa] pesquisa o conteudo do excel 
2020-01-22 10:20:09,645 INFO  [Classe de pesquisa] Tira o print 
2020-01-22 10:20:09,925 INFO  [Classe de pesquisa] pesquisa o conteudo do excel 
2020-01-22 10:20:10,770 INFO  [Classe de pesquisa] Tira o print 
2020-01-22 10:44:17,174 INFO  [Classe de pesquisa] inicia o driver,abre o site e maximiza a tela 
2020-01-22 10:44:29,181 INFO  [Classe de pesquisa] pesquisa o conteudo do excel 
2020-01-22 10:44:30,610 INFO  [Classe de pesquisa] Tira o print 
2020-01-22 10:44:31,091 INFO  [Classe de pesquisa] pesquisa o conteudo do excel 
2020-01-22 10:44:31,904 INFO  [Classe de pesquisa] Tira o print 
2020-01-22 10:46:09,852 INFO  [Classe de pesquisa] inicia o driver,abre o site e maximiza a tela 
2020-01-22 10:46:21,803 INFO  [Classe de pesquisa] pesquisa o conteudo do excel 
2020-01-22 10:46:22,191 INFO  [Classe de pesquisa] Tira o print 
2020-01-22 10:46:22,472 INFO  [Classe de pesquisa] pesquisa o conteudo do excel 
2020-01-22 10:46:22,989 INFO  [Classe de pesquisa] Tira o print 
2020-01-22 10:47:46,857 INFO  [Classe de pesquisa] inicia o driver,abre o site e maximiza a tela 
2020-01-22 10:47:59,065 INFO  [Classe de pesquisa] pesquisa o conteudo do excel 
2020-01-22 10:47:59,573 INFO  [Classe de pesquisa] Tira o print 
2020-01-22 10:47:59,975 INFO  [Classe de pesquisa] pesquisa o conteudo do excel 
2020-01-22 10:48:00,737 INFO  [Classe de pesquisa] Tira o print 
2020-01-22 10:48:46,546 INFO  [Classe de pesquisa] inicia o driver,abre o site e maximiza a tela 
2020-01-22 10:48:58,520 INFO  [Classe de pesquisa] pesquisa o conteudo do excel 
2020-01-22 10:48:59,728 INFO  [Classe de pesquisa] Tira o print 
2020-01-22 10:48:59,786 INFO  [Classe de pesquisa] pesquisa o conteudo do excel 
2020-01-22 10:49:10,140 INFO  [Classe de pesquisa] inicia o driver,abre o site e maximiza a tela 
2020-01-22 10:49:22,243 INFO  [Classe de pesquisa] pesquisa o conteudo do excel 
2020-01-22 10:49:23,693 INFO  [Classe de pesquisa] Tira o print 
2020-01-22 10:49:23,926 INFO  [Classe de pesquisa] pesquisa o conteudo do excel 
2020-01-22 10:49:24,813 INFO  [Classe de pesquisa] Tira o print 
2020-01-22 10:51:02,017 INFO  [Classe de pesquisa] inicia o driver,abre o site e maximiza a tela 
2020-01-22 10:51:14,933 INFO  [Classe de pesquisa] pesquisa o conteudo do excel 
2020-01-22 10:51:16,307 INFO  [Classe de pesquisa] Tira o print 
2020-01-22 10:51:16,565 INFO  [Classe de pesquisa] pesquisa o conteudo do excel 
2020-01-22 10:52:55,237 INFO  [Classe de pesquisa] inicia o driver,abre o site e maximiza a tela 
2020-01-22 10:53:07,506 INFO  [Classe de pesquisa] pesquisa o conteudo do excel 
2020-01-22 10:53:13,223 INFO  [Classe de pesquisa] inicia o driver,abre o site e maximiza a tela 
2020-01-22 10:53:28,002 INFO  [Classe de pesquisa] inicia o driver,abre o site e maximiza a tela 
2020-01-22 10:53:40,229 INFO  [Classe de pesquisa] pesquisa o conteudo do excel 
2020-01-22 10:53:41,209 INFO  [Classe de pesquisa] inicia o driver,abre o site e maximiza a tela 
2020-01-22 10:53:52,460 INFO  [Classe de pesquisa] pesquisa o conteudo do excel 
2020-01-22 10:54:44,274 INFO  [Classe de pesquisa] inicia o driver,abre o site e maximiza a tela 
2020-01-22 10:54:56,179 INFO  [Classe de pesquisa] pesquisa o conteudo do excel 
2020-01-22 10:54:57,644 INFO  [Classe de pesquisa] Tira o print 
2020-01-22 10:54:57,737 INFO  [Classe de pesquisa] inicia o driver,abre o site e maximiza a tela 
2020-01-22 10:55:09,273 INFO  [Classe de pesquisa] pesquisa o conteudo do excel 
2020-01-22 10:59:21,957 INFO  [Classe de pesquisa] inicia o driver,abre o site e maximiza a tela 
2020-01-22 10:59:33,960 INFO  [Classe de pesquisa] pesquisa o conteudo do excel 
2020-01-22 10:59:35,208 INFO  [Classe de pesquisa] Tira o print 
2020-01-22 10:59:35,292 INFO  [Classe de pesquisa] inicia o driver,abre o site e maximiza a tela 
2020-01-22 10:59:46,763 INFO  [Classe de pesquisa] pesquisa o conteudo do excel 
2020-01-22 11:00:15,787 INFO  [Classe de pesquisa] inicia o driver,abre o site e maximiza a tela 
2020-01-22 11:00:27,976 INFO  [Classe de pesquisa] pesquisa o conteudo do excel 
2020-01-22 11:00:29,399 INFO  [Classe de pesquisa] Tira o print 
2020-01-22 11:00:29,406 INFO  [Classe de pesquisa] inicia o driver,abre o site e maximiza a tela 
2020-01-22 11:00:40,662 INFO  [Classe de pesquisa] pesquisa o conteudo do excel 
2020-01-22 11:01:07,152 INFO  [Classe de pesquisa] inicia o driver,abre o site e maximiza a tela 
2020-01-22 11:01:19,317 INFO  [Classe de pesquisa] pesquisa o conteudo do excel 
2020-01-22 11:01:20,768 INFO  [Classe de pesquisa] Tira o print 
2020-01-22 11:01:20,782 INFO  [Classe de pesquisa] inicia o driver,abre o site e maximiza a tela 
2020-01-22 11:01:32,206 INFO  [Classe de pesquisa] pesquisa o conteudo do excel 
2020-01-22 11:03:55,886 INFO  [Classe de pesquisa] inicia o driver,abre o site e maximiza a tela 
2020-01-22 11:04:08,005 INFO  [Classe de pesquisa] pesquisa o conteudo do excel 
2020-01-22 11:04:09,445 INFO  [Classe de pesquisa] Tira o print 
2020-01-22 11:04:09,539 INFO  [Classe de pesquisa] inicia o driver,abre o site e maximiza a tela 
2020-01-22 11:04:21,023 INFO  [Classe de pesquisa] pesquisa o conteudo do excel 
2020-01-22 11:14:32,104 INFO  [Classe de pesquisa] inicia o driver,abre o site e maximiza a tela 
2020-01-22 11:14:44,181 INFO  [Classe de pesquisa] pesquisa o conteudo do excel 
2020-01-22 11:14:45,694 INFO  [Classe de pesquisa] Tira o print 
2020-01-22 11:14:45,812 INFO  [Classe de pesquisa] inicia o driver,abre o site e maximiza a tela 
2020-01-22 11:14:56,956 INFO  [Classe de pesquisa] pesquisa o conteudo do excel 
2020-01-22 11:19:21,622 INFO  [Classe de pesquisa] inicia o driver,abre o site e maximiza a tela 
2020-01-22 11:19:33,760 INFO  [Classe de pesquisa] pesquisa o conteudo do excel 
2020-01-22 11:19:35,173 INFO  [Classe de pesquisa] Tira o print 
2020-01-22 11:19:35,256 INFO  [Classe de pesquisa] inicia o driver,abre o site e maximiza a tela 
2020-01-22 11:19:46,656 INFO  [Classe de pesquisa] pesquisa o conteudo do excel 
2020-01-22 11:31:13,384 INFO  [Classe de pesquisa] inicia o driver,abre o site e maximiza a tela 
2020-01-22 11:31:27,032 INFO  [Classe de pesquisa] pesquisa o conteudo do excel 
2020-01-22 11:31:29,034 INFO  [Classe de pesquisa] Tira o print 
2020-01-22 11:31:29,146 INFO  [Classe de pesquisa] inicia o driver,abre o site e maximiza a tela 
2020-01-22 11:31:40,830 INFO  [Classe de pesquisa] pesquisa o conteudo do excel 
2020-01-22 11:31:42,242 INFO  [Classe de pesquisa] Tira o print 
2020-01-22 11:32:48,634 INFO  [Classe de pesquisa] inicia o driver,abre o site e maximiza a tela 
2020-01-22 11:33:02,232 INFO  [Classe de pesquisa] pesquisa o conteudo do excel 
2020-01-22 11:33:04,055 INFO  [Classe de pesquisa] Tira o print 
2020-01-22 11:33:04,180 INFO  [Classe de pesquisa] inicia o driver,abre o site e maximiza a tela 
2020-01-22 11:33:37,614 INFO  [Classe de pesquisa] inicia o driver,abre o site e maximiza a tela 
2020-01-22 11:33:51,467 INFO  [Classe de pesquisa] pesquisa o conteudo do excel 
2020-01-22 11:33:53,350 INFO  [Classe de pesquisa] Tira o print 
2020-01-22 11:33:53,468 INFO  [Classe de pesquisa] inicia o driver,abre o site e maximiza a tela 
2020-01-22 11:34:05,771 INFO  [Classe de pesquisa] pesquisa o conteudo do excel 
2020-01-22 11:34:07,107 INFO  [Classe de pesquisa] Tira o print 
2020-01-22 11:34:46,058 INFO  [Classe de pesquisa] inicia o driver,abre o site e maximiza a tela 
2020-01-22 11:34:59,479 INFO  [Classe de pesquisa] pesquisa o conteudo do excel 
2020-01-22 11:35:00,887 INFO  [Classe de pesquisa] Tira o print 
2020-01-22 11:35:13,617 INFO  [Classe de pesquisa] inicia o driver,abre o site e maximiza a tela 
2020-01-22 11:35:27,018 INFO  [Classe de pesquisa] pesquisa o conteudo do excel 
2020-01-22 11:35:28,363 INFO  [Classe de pesquisa] Tira o print 
2020-01-22 11:35:44,703 INFO  [Classe de pesquisa] inicia o driver,abre o site e maximiza a tela 
2020-01-22 11:35:58,328 INFO  [Classe de pesquisa] pesquisa o conteudo do excel 
2020-01-22 11:36:00,471 INFO  [Classe de pesquisa] Tira o print 
2020-01-22 11:36:00,590 INFO  [Classe de pesquisa] inicia o driver,abre o site e maximiza a tela 
2020-01-22 11:36:12,780 INFO  [Classe de pesquisa] pesquisa o conteudo do excel 
2020-01-22 11:36:14,187 INFO  [Classe de pesquisa] Tira o print 
